生成启动时间为 2016/3/5 11:40:36。
     1>项目“C:\Users\yulei\documents\visual studio 2010\Projects\yunsuan\yunsuan\yunsuan.vcxproj”在节点 2 上(rebuild 个目标)。
     1>_PrepareForClean:
         正在删除文件“Debug\yunsuan.lastbuildstate”。
       InitializeBuildStatus:
         正在创建“Debug\yunsuan.unsuccessfulbuild”，因为已指定“AlwaysCreate”。
       ClCompile:
         C:\Program Files (x86)\Microsoft Visual Studio 10.0\VC\bin\CL.exe /c /ZI /nologo /W3 /WX- /Od /Oy- /D WIN32 /D _DEBUG /D _CONSOLE /D _UNICODE /D UNICODE /Gm /EHsc /RTC1 /MDd /GS /fp:precise /Zc:wchar_t /Zc:forScope /Fo"Debug\\" /Fd"Debug\vc100.pdb" /Gd /TP /analyze- /errorReport:prompt ys.cpp
         ys.cpp
       Link:
         C:\Program Files (x86)\Microsoft Visual Studio 10.0\VC\bin\link.exe /ERRORREPORT:PROMPT /OUT:"C:\Users\yulei\documents\visual studio 2010\Projects\yunsuan\Debug\yunsuan.exe" /INCREMENTAL /NOLOGO kernel32.lib user32.lib gdi32.lib winspool.lib comdlg32.lib advapi32.lib shell32.lib ole32.lib oleaut32.lib uuid.lib odbc32.lib odbccp32.lib /MANIFEST /ManifestFile:"Debug\yunsuan.exe.intermediate.manifest" /MANIFESTUAC:"level='asInvoker' uiAccess='false'" /DEBUG /PDB:"C:\Users\yulei\documents\visual studio 2010\Projects\yunsuan\Debug\yunsuan.pdb" /SUBSYSTEM:CONSOLE /TLBID:1 /DYNAMICBASE /NXCOMPAT /IMPLIB:"C:\Users\yulei\documents\visual studio 2010\Projects\yunsuan\Debug\yunsuan.lib" /MACHINE:X86 Debug\ys.obj
         yunsuan.vcxproj -> C:\Users\yulei\documents\visual studio 2010\Projects\yunsuan\Debug\yunsuan.exe
       Manifest:
         C:\Program Files (x86)\Microsoft SDKs\Windows\v7.0A\bin\mt.exe /nologo /verbose /out:"C:\Users\yulei\documents\visual studio 2010\Projects\yunsuan\Debug\yunsuan.exe.manifest" /manifest Debug\yunsuan.exe.intermediate.manifest
       FinalizeBuildStatus:
         正在删除文件“Debug\yunsuan.unsuccessfulbuild”。
         正在对“Debug\yunsuan.lastbuildstate”执行 Touch 任务。
     1>已完成生成项目“C:\Users\yulei\documents\visual studio 2010\Projects\yunsuan\yunsuan\yunsuan.vcxproj”(rebuild 个目标)的操作。

生成成功。

已用时间 00:00:00.96
